{
  event = "msg_showcmd",
  kind = {}
}
{
  event = "msg_showcmd",
  kind = { { 0, ":", 0 } }
}
{ 0, ":", "", 0, 1, 0,
  event = "cmdline_show",
  kind = { { 0, "" } }
}
{ 1, ":", "", 0, 1, 0,
  event = "cmdline_show",
  kind = { { 0, "N" } }
}
{ 2, ":", "", 0, 1, 0,
  event = "cmdline_show",
  kind = { { 0, "No" } }
}
{ 3, ":", "", 0, 1, 0,
  event = "cmdline_show",
  kind = { { 0, "Noi" } }
}
{ -1, 0, 0, -1,
  event = "popupmenu_show",
  kind = { { "Noice", "", "", "" }, { "NoiceAll", "", "", "" }, { "NoiceConfig", "", "", "" }, { "NoiceDebug", "", "", "" }, { "NoiceDisable", "", "", "" }, { "NoiceDismiss", "", "", "" }, { "NoiceEnable", "", "", "" }, { "NoiceErrors", "", "", "" }, { "NoiceFzf", "", "", "" }, { "NoiceHistory", "", "", "" }, { "NoiceLast", "", "", "" }, { "NoiceLog", "", "", "" }, { "NoicePick", "", "", "" }, { "NoiceRoutes", "", "", "" }, { "NoiceSnacks", "", "", "" }, { "NoiceStats", "", "", "" }, { "NoiceTelescope", "", "", "" }, { "NoiceViewstats", "", "", "" } }
}
{ 3, ":", "", 0, 1, 0,
  event = "cmdline_show",
  kind = { { 0, "Noi" } }
}
{
  event = "popupmenu_select",
  kind = 0
}
{ 3, ":", "", 0, 1, 0,
  event = "cmdline_show",
  kind = { { 0, "Noi" } }
}
{ 5, ":", "", 0, 1, 0,
  event = "cmdline_show",
  kind = { { 0, "Noice" } }
}
{
  event = "popupmenu_select",
  kind = 1
}
{ 8, ":", "", 0, 1, 0,
  event = "cmdline_show",
  kind = { { 0, "NoiceAll" } }
}
{
  event = "popupmenu_select",
  kind = 2
}
{ 11, ":", "", 0, 1, 0,
  event = "cmdline_show",
  kind = { { 0, "NoiceConfig" } }
}
{
  event = "popupmenu_select",
  kind = 3
}
{ 10, ":", "", 0, 1, 0,
  event = "cmdline_show",
  kind = { { 0, "NoiceDebug" } }
}
{
  event = "popupmenu_select",
  kind = 4
}
{ 12, ":", "", 0, 1, 0,
  event = "cmdline_show",
  kind = { { 0, "NoiceDisable" } }
}
{
  event = "popupmenu_select",
  kind = 5
}
{ 12, ":", "", 0, 1, 0,
  event = "cmdline_show",
  kind = { { 0, "NoiceDismiss" } }
}
{
  event = "popupmenu_select",
  kind = 6
}
{ 11, ":", "", 0, 1, 0,
  event = "cmdline_show",
  kind = { { 0, "NoiceEnable" } }
}
{
  event = "popupmenu_select",
  kind = 7
}
{ 11, ":", "", 0, 1, 0,
  event = "cmdline_show",
  kind = { { 0, "NoiceErrors" } }
}
{
  event = "popupmenu_hide"
}
{ false,
  event = "cmdline_hide",
  kind = 1
}
{
  event = "msg_showcmd",
  kind = {}
}
{
  event = "msg_showcmd",
  kind = { { 0, ":", 0 } }
}
{ 0, ":", "", 0, 1, 0,
  event = "cmdline_show",
  kind = { { 0, "" } }
}
{ 1, ":", "", 0, 1, 0,
  event = "cmdline_show",
  kind = { { 0, "N" } }
}
{ 2, ":", "", 0, 1, 0,
  event = "cmdline_show",
  kind = { { 0, "No" } }
}
{ 3, ":", "", 0, 1, 0,
  event = "cmdline_show",
  kind = { { 0, "Noi" } }
}
{ -1, 0, 0, -1,
  event = "popupmenu_show",
  kind = { { "Noice", "", "", "" }, { "NoiceAll", "", "", "" }, { "NoiceConfig", "", "", "" }, { "NoiceDebug", "", "", "" }, { "NoiceDisable", "", "", "" }, { "NoiceDismiss", "", "", "" }, { "NoiceEnable", "", "", "" }, { "NoiceErrors", "", "", "" }, { "NoiceFzf", "", "", "" }, { "NoiceHistory", "", "", "" }, { "NoiceLast", "", "", "" }, { "NoiceLog", "", "", "" }, { "NoicePick", "", "", "" }, { "NoiceRoutes", "", "", "" }, { "NoiceSnacks", "", "", "" }, { "NoiceStats", "", "", "" }, { "NoiceTelescope", "", "", "" }, { "NoiceViewstats", "", "", "" } }
}
{ 3, ":", "", 0, 1, 0,
  event = "cmdline_show",
  kind = { { 0, "Noi" } }
}
{
  event = "popupmenu_select",
  kind = 0
}
{ 3, ":", "", 0, 1, 0,
  event = "cmdline_show",
  kind = { { 0, "Noi" } }
}
{ 5, ":", "", 0, 1, 0,
  event = "cmdline_show",
  kind = { { 0, "Noice" } }
}
{
  event = "popupmenu_select",
  kind = 1
}
{ 8, ":", "", 0, 1, 0,
  event = "cmdline_show",
  kind = { { 0, "NoiceAll" } }
}
{
  event = "popupmenu_select",
  kind = 2
}
{ 11, ":", "", 0, 1, 0,
  event = "cmdline_show",
  kind = { { 0, "NoiceConfig" } }
}
{
  event = "popupmenu_select",
  kind = 3
}
{ 10, ":", "", 0, 1, 0,
  event = "cmdline_show",
  kind = { { 0, "NoiceDebug" } }
}
{
  event = "popupmenu_select",
  kind = 4
}
{ 12, ":", "", 0, 1, 0,
  event = "cmdline_show",
  kind = { { 0, "NoiceDisable" } }
}
{
  event = "popupmenu_select",
  kind = 5
}
{ 12, ":", "", 0, 1, 0,
  event = "cmdline_show",
  kind = { { 0, "NoiceDismiss" } }
}
{
  event = "popupmenu_select",
  kind = 6
}
{ 11, ":", "", 0, 1, 0,
  event = "cmdline_show",
  kind = { { 0, "NoiceEnable" } }
}
{
  event = "popupmenu_select",
  kind = 7
}
{ 11, ":", "", 0, 1, 0,
  event = "cmdline_show",
  kind = { { 0, "NoiceErrors" } }
}
{
  event = "popupmenu_select",
  kind = 8
}
{ 8, ":", "", 0, 1, 0,
  event = "cmdline_show",
  kind = { { 0, "NoiceFzf" } }
}
{
  event = "popupmenu_hide"
}
{ false,
  event = "cmdline_hide",
  kind = 1
}
{
  event = "msg_showcmd",
  kind = {}
}
{ { { 264, "Error executing Lua callback: ...local/share/nvim/lazy/noice.nvim/lua/noice/util/lazy.lua:6: module 'fzf-lua.previewer.builtin' not found:\n\tno field package.preload['fzf-lua.previewer.builtin']\n\tcache_loader: module 'fzf-lua.previewer.builtin' not found\n\tcache_loader_lib: module 'fzf-lua.previewer.builtin' not found\n\tno file '/nix/store/1j9f0r4kbwq758xb7vsagf9jm6bafkr1-luajit-2.1.1741730670-env/share/lua/5.1/fzf-lua/previewer/builtin.lua'\n\tno file '/nix/store/1j9f0r4kbwq758xb7vsagf9jm6bafkr1-luajit-2.1.1741730670-env/share/lua/5.1/fzf-lua/previewer/builtin/init.lua'\n\tno file '/Users/boneypatel/.local/share/nvim/lazy-rocks/telescope.nvim/share/lua/5.1/fzf-lua/previewer/builtin.lua'\n\tno file '/Users/boneypatel/.local/share/nvim/lazy-rocks/telescope.nvim/share/lua/5.1/fzf-lua/previewer/builtin/init.lua'\n\tno file '/nix/store/1j9f0r4kbwq758xb7vsagf9jm6bafkr1-luajit-2.1.1741730670-env/lib/lua/5.1/fzf-lua/previewer/builtin.so'\n\tno file '/Users/boneypatel/.local/share/nvim/lazy-rocks/telescope.nvim/lib/lua/5.1/fzf-lua/previewer/builtin.so'\n\tno file '/Users/boneypatel/.local/share/nvim/lazy-rocks/telescope.nvim/lib64/lua/5.1/fzf-lua/previewer/builtin.so'\n\tno file '/nix/store/1j9f0r4kbwq758xb7vsagf9jm6bafkr1-luajit-2.1.1741730670-env/lib/lua/5.1/fzf-lua.so'\n\tno file '/Users/boneypatel/.local/share/nvim/lazy-rocks/telescope.nvim/lib/lua/5.1/fzf-lua.so'\n\tno file '/Users/boneypatel/.local/share/nvim/lazy-rocks/telescope.nvim/lib64/lua/5.1/fzf-lua.so'\nstack traceback:\n\t[C]: in function 'require'\n\t...local/share/nvim/lazy/noice.nvim/lua/noice/util/lazy.lua:6: in function 'load'\n\t...local/share/nvim/lazy/noice.nvim/lua/noice/util/lazy.lua:16: in function '__index'\n\t...hare/nvim/lazy/noice.nvim/lua/noice/integrations/fzf.lua:52: in function 'previewer'\n\t...hare/nvim/lazy/noice.nvim/lua/noice/integrations/fzf.lua:98: in function 'open'\n\t....local/share/nvim/lazy/noice.nvim/lua/noice/commands.lua:62: in function <....local/share/nvim/lazy/noice.nvim/lua/noice/commands.lua:61>\n\t....local/share/nvim/lazy/noice.nvim/lua/noice/commands.lua:35: in function 'cmd'\n\t....local/share/nvim/lazy/noice.nvim/lua/noice/commands.lua:122: in function <....local/share/nvim/lazy/noice.nvim/lua/noice/commands.lua:121>", 6 } }, false, true,
  event = "msg_show",
  kind = "lua_error"
}
{
  event = "msg_showcmd",
  kind = { { 0, ":", 0 } }
}
{
  event = "msg_clear"
}
{ 0, ":", "", 0, 1, 0,
  event = "cmdline_show",
  kind = { { 0, "" } }
}
{ 1, ":", "", 0, 1, 0,
  event = "cmdline_show",
  kind = { { 0, "q" } }
}
{ false,
  event = "cmdline_hide",
  kind = 1
}
{
  event = "msg_showcmd",
  kind = {}
}
{
  event = "msg_showcmd",
  kind = { { 0, ":", 0 } }
}
{ 0, ":", "", 0, 1, 0,
  event = "cmdline_show",
  kind = { { 0, "" } }
}
{ 1, ":", "", 0, 1, 0,
  event = "cmdline_show",
  kind = { { 0, "q" } }
}
{ false,
  event = "cmdline_hide",
  kind = 1
}
{ { { 264, "E37: No write since last change", 6 } }, false, true,
  event = "msg_show",
  kind = "emsg"
}
{ { { 264, 'E162: No write since last change for buffer "/Users/boneypatel/.config/nvim/lua/core/keymaps.lua"', 6 } }, false, true,
  event = "msg_show",
  kind = "emsg"
}
{
  event = "msg_clear"
}
{
  event = "msg_showcmd",
  kind = {}
}
{
  event = "msg_showcmd",
  kind = { { 0, ":", 0 } }
}
{ 0, ":", "", 0, 1, 0,
  event = "cmdline_show",
  kind = { { 0, "" } }
}
{ 1, ":", "", 0, 1, 0,
  event = "cmdline_show",
  kind = { { 0, "w" } }
}
{ false,
  event = "cmdline_hide",
  kind = 1
}
{ { { 0, '"~/.config/nvim/lua/core/keymaps.lua" ', 0 } }, false, false,
  event = "msg_show",
  kind = "bufwrite"
}
{ { { 0, '"~/.config/nvim/lua/core/keymaps.lua" 67L, 3525B written', 0 } }, true, true,
  event = "msg_show",
  kind = "bufwrite"
}
{
  event = "msg_showcmd",
  kind = {}
}
{
  event = "msg_showcmd",
  kind = { { 0, "G", 0 } }
}
{
  event = "msg_showcmd",
  kind = {}
}
{
  event = "msg_showcmd",
  kind = { { 0, "<20>", 0 } }
}
{
  event = "msg_showcmd",
  kind = {}
}
{
  event = "msg_showcmd",
  kind = { { 0, "<20>", 0 } }
}
{
  event = "msg_showcmd",
  kind = { { 0, "<20>x", 0 } }
}
{
  event = "msg_showcmd",
  kind = {}
}
{
  event = "msg_showcmd",
  kind = { { 0, ":", 0 } }
}
{
  event = "msg_clear"
}
{ 0, ":", "", 0, 1, 0,
  event = "cmdline_show",
  kind = { { 0, "" } }
}
{ 1, ":", "", 0, 1, 0,
  event = "cmdline_show",
  kind = { { 0, "N" } }
}
{ 2, ":", "", 0, 1, 0,
  event = "cmdline_show",
  kind = { { 0, "No" } }
}
{ 3, ":", "", 0, 1, 0,
  event = "cmdline_show",
  kind = { { 0, "Noi" } }
}
{ -1, 0, 0, -1,
  event = "popupmenu_show",
  kind = { { "Noice", "", "", "" }, { "NoiceAll", "", "", "" }, { "NoiceConfig", "", "", "" }, { "NoiceDebug", "", "", "" }, { "NoiceDisable", "", "", "" }, { "NoiceDismiss", "", "", "" }, { "NoiceEnable", "", "", "" }, { "NoiceErrors", "", "", "" }, { "NoiceFzf", "", "", "" }, { "NoiceHistory", "", "", "" }, { "NoiceLast", "", "", "" }, { "NoiceLog", "", "", "" }, { "NoicePick", "", "", "" }, { "NoiceRoutes", "", "", "" }, { "NoiceSnacks", "", "", "" }, { "NoiceStats", "", "", "" }, { "NoiceTelescope", "", "", "" }, { "NoiceViewstats", "", "", "" } }
}
{ 3, ":", "", 0, 1, 0,
  event = "cmdline_show",
  kind = { { 0, "Noi" } }
}
{
  event = "popupmenu_select",
  kind = 0
}
{ 3, ":", "", 0, 1, 0,
  event = "cmdline_show",
  kind = { { 0, "Noi" } }
}
{ 5, ":", "", 0, 1, 0,
  event = "cmdline_show",
  kind = { { 0, "Noice" } }
}
{
  event = "popupmenu_select",
  kind = 1
}
{ 8, ":", "", 0, 1, 0,
  event = "cmdline_show",
  kind = { { 0, "NoiceAll" } }
}
{
  event = "popupmenu_select",
  kind = 2
}
{ 11, ":", "", 0, 1, 0,
  event = "cmdline_show",
  kind = { { 0, "NoiceConfig" } }
}
{
  event = "popupmenu_select",
  kind = 3
}
{ 10, ":", "", 0, 1, 0,
  event = "cmdline_show",
  kind = { { 0, "NoiceDebug" } }
}
{
  event = "popupmenu_select",
  kind = 4
}
{ 12, ":", "", 0, 1, 0,
  event = "cmdline_show",
  kind = { { 0, "NoiceDisable" } }
}
{
  event = "popupmenu_select",
  kind = 5
}
{ 12, ":", "", 0, 1, 0,
  event = "cmdline_show",
  kind = { { 0, "NoiceDismiss" } }
}
{
  event = "popupmenu_select",
  kind = 6
}
{ 11, ":", "", 0, 1, 0,
  event = "cmdline_show",
  kind = { { 0, "NoiceEnable" } }
}
{
  event = "popupmenu_select",
  kind = 7
}
{ 11, ":", "", 0, 1, 0,
  event = "cmdline_show",
  kind = { { 0, "NoiceErrors" } }
}
{
  event = "popupmenu_select",
  kind = 8
}
{ 8, ":", "", 0, 1, 0,
  event = "cmdline_show",
  kind = { { 0, "NoiceFzf" } }
}
{
  event = "popupmenu_select",
  kind = 9
}
{ 12, ":", "", 0, 1, 0,
  event = "cmdline_show",
  kind = { { 0, "NoiceHistory" } }
}
{
  event = "popupmenu_hide"
}
{ false,
  event = "cmdline_hide",
  kind = 1
}
{
  event = "msg_showcmd",
  kind = {}
}
{ false,
  event = "cmdline_hide",
  kind = 1
}
{ false,
  event = "cmdline_hide",
  kind = 1
}
{
  event = "msg_showcmd",
  kind = { { 0, ":", 0 } }
}
{ 0, ":", "", 0, 1, 0,
  event = "cmdline_show",
  kind = { { 0, "" } }
}
{ 1, ":", "", 0, 1, 0,
  event = "cmdline_show",
  kind = { { 0, "q" } }
}
{ false,
  event = "cmdline_hide",
  kind = 1
}
{
  event = "msg_showcmd",
  kind = {}
}
{
  event = "msg_showcmd",
  kind = { { 0, ":", 0 } }
}
{ 0, ":", "", 0, 1, 0,
  event = "cmdline_show",
  kind = { { 0, "" } }
}
{ 1, ":", "", 0, 1, 0,
  event = "cmdline_show",
  kind = { { 0, "N" } }
}
{ 2, ":", "", 0, 1, 0,
  event = "cmdline_show",
  kind = { { 0, "No" } }
}
{ 3, ":", "", 0, 1, 0,
  event = "cmdline_show",
  kind = { { 0, "Noi" } }
}
{ -1, 0, 0, -1,
  event = "popupmenu_show",
  kind = { { "Noice", "", "", "" }, { "NoiceAll", "", "", "" }, { "NoiceConfig", "", "", "" }, { "NoiceDebug", "", "", "" }, { "NoiceDisable", "", "", "" }, { "NoiceDismiss", "", "", "" }, { "NoiceEnable", "", "", "" }, { "NoiceErrors", "", "", "" }, { "NoiceFzf", "", "", "" }, { "NoiceHistory", "", "", "" }, { "NoiceLast", "", "", "" }, { "NoiceLog", "", "", "" }, { "NoicePick", "", "", "" }, { "NoiceRoutes", "", "", "" }, { "NoiceSnacks", "", "", "" }, { "NoiceStats", "", "", "" }, { "NoiceTelescope", "", "", "" }, { "NoiceViewstats", "", "", "" } }
}
{ 3, ":", "", 0, 1, 0,
  event = "cmdline_show",
  kind = { { 0, "Noi" } }
}
{
  event = "popupmenu_select",
  kind = 0
}
{ 3, ":", "", 0, 1, 0,
  event = "cmdline_show",
  kind = { { 0, "Noi" } }
}
{ 5, ":", "", 0, 1, 0,
  event = "cmdline_show",
  kind = { { 0, "Noice" } }
}
{
  event = "popupmenu_select",
  kind = 1
}
{ 8, ":", "", 0, 1, 0,
  event = "cmdline_show",
  kind = { { 0, "NoiceAll" } }
}
{
  event = "popupmenu_select",
  kind = 2
}
{ 11, ":", "", 0, 1, 0,
  event = "cmdline_show",
  kind = { { 0, "NoiceConfig" } }
}
{
  event = "popupmenu_select",
  kind = 1
}
{ 8, ":", "", 0, 1, 0,
  event = "cmdline_show",
  kind = { { 0, "NoiceAll" } }
}
{
  event = "popupmenu_hide"
}
{ false,
  event = "cmdline_hide",
  kind = 1
}
{
  event = "msg_showcmd",
  kind = {}
}
{
  event = "msg_showcmd",
  kind = { { 0, "zz", 0 } }
}
{
  event = "msg_showcmd",
  kind = {}
}
{
  event = "msg_showcmd",
  kind = { { 0, "zz", 0 } }
}
{
  event = "msg_showcmd",
  kind = {}
}
{
  event = "msg_showcmd",
  kind = { { 0, "/", 0 } }
}
{ 0, "/", "", 0, 1, 0,
  event = "cmdline_show",
  kind = { { 0, "" } }
}
{ 1, "/", "", 0, 1, 0,
  event = "cmdline_show",
  kind = { { 0, "l" } }
}
{ 1, "/", "", 0, 1, 0,
  event = "cmdline_show",
  kind = { { 0, "l" } }
}
{ 2, "/", "", 0, 1, 0,
  event = "cmdline_show",
  kind = { { 0, "lo" } }
}
{ 2, "/", "", 0, 1, 0,
  event = "cmdline_show",
  kind = { { 0, "lo" } }
}
{ 3, "/", "", 0, 1, 0,
  event = "cmdline_show",
  kind = { { 0, "loc" } }
}
{ 3, "/", "", 0, 1, 0,
  event = "cmdline_show",
  kind = { { 0, "loc" } }
}
{ 4, "/", "", 0, 1, 0,
  event = "cmdline_show",
  kind = { { 0, "loca" } }
}
{ 4, "/", "", 0, 1, 0,
  event = "cmdline_show",
  kind = { { 0, "loca" } }
}
{ false,
  event = "cmdline_hide",
  kind = 1
}
{ { { 0, "/loca             ", 0 } }, false, false,
  event = "msg_show",
  kind = "search_cmd"
}
{ { { 0, "/loca       [1/16]", 0 } }, true, false,
  event = "msg_show",
  kind = "search_count"
}
{
  event = "msg_showcmd",
  kind = {}
}
{ { { 0, "            [2/16]", 0 } }, true, false,
  event = "msg_show",
  kind = "search_count"
}
{
  event = "msg_showcmd",
  kind = { { 0, "zv", 0 } }
}
{
  event = "msg_showcmd",
  kind = {}
}
{ { { 0, "            [3/16]", 0 } }, true, false,
  event = "msg_show",
  kind = "search_count"
}
{
  event = "msg_showcmd",
  kind = { { 0, "zv", 0 } }
}
{
  event = "msg_showcmd",
  kind = {}
}
{ { { 0, "            [4/16]", 0 } }, true, false,
  event = "msg_show",
  kind = "search_count"
}
{
  event = "msg_showcmd",
  kind = { { 0, "zv", 0 } }
}
{
  event = "msg_showcmd",
  kind = {}
}
{ { { 0, "            [5/16]", 0 } }, true, false,
  event = "msg_show",
  kind = "search_count"
}
{
  event = "msg_showcmd",
  kind = { { 0, "zv", 0 } }
}
{
  event = "msg_showcmd",
  kind = {}
}
{ { { 0, "            [4/16]", 0 } }, true, false,
  event = "msg_show",
  kind = "search_count"
}
{
  event = "msg_showcmd",
  kind = { { 0, "zv", 0 } }
}
{
  event = "msg_showcmd",
  kind = {}
}
{ { { 0, "            [3/16]", 0 } }, true, false,
  event = "msg_show",
  kind = "search_count"
}
{
  event = "msg_showcmd",
  kind = { { 0, "zv", 0 } }
}
{
  event = "msg_showcmd",
  kind = {}
}
{
  event = "msg_showcmd",
  kind = { { 0, ":", 0 } }
}
{
  event = "msg_clear"
}
{ 0, ":", "", 0, 1, 0,
  event = "cmdline_show",
  kind = { { 0, "" } }
}
{ 1, ":", "", 0, 1, 0,
  event = "cmdline_show",
  kind = { { 0, "q" } }
}
{ false,
  event = "cmdline_hide",
  kind = 1
}
{
  event = "msg_showcmd",
  kind = {}
}
{
  event = "msg_showcmd",
  kind = { { 0, ":", 0 } }
}
{ 0, ":", "", 0, 1, 0,
  event = "cmdline_show",
  kind = { { 0, "" } }
}
{ 1, ":", "", 0, 1, 0,
  event = "cmdline_show",
  kind = { { 0, "N" } }
}
{ 2, ":", "", 0, 1, 0,
  event = "cmdline_show",
  kind = { { 0, "NO" } }
}
{ 3, ":", "", 0, 1, 0,
  event = "cmdline_show",
  kind = { { 0, "NOi" } }
}
{ 3, ":", "", 0, 1, 0,
  event = "cmdline_show",
  kind = { { 0, "NOi" } }
}
{ 2, ":", "", 0, 1, 0,
  event = "cmdline_show",
  kind = { { 0, "NO" } }
}
{ 1, ":", "", 0, 1, 0,
  event = "cmdline_show",
  kind = { { 0, "N" } }
}
{ 2, ":", "", 0, 1, 0,
  event = "cmdline_show",
  kind = { { 0, "No" } }
}
{ 3, ":", "", 0, 1, 0,
  event = "cmdline_show",
  kind = { { 0, "Noi" } }
}
{ -1, 0, 0, -1,
  event = "popupmenu_show",
  kind = { { "Noice", "", "", "" }, { "NoiceAll", "", "", "" }, { "NoiceConfig", "", "", "" }, { "NoiceDebug", "", "", "" }, { "NoiceDisable", "", "", "" }, { "NoiceDismiss", "", "", "" }, { "NoiceEnable", "", "", "" }, { "NoiceErrors", "", "", "" }, { "NoiceFzf", "", "", "" }, { "NoiceHistory", "", "", "" }, { "NoiceLast", "", "", "" }, { "NoiceLog", "", "", "" }, { "NoicePick", "", "", "" }, { "NoiceRoutes", "", "", "" }, { "NoiceSnacks", "", "", "" }, { "NoiceStats", "", "", "" }, { "NoiceTelescope", "", "", "" }, { "NoiceViewstats", "", "", "" } }
}
{ 3, ":", "", 0, 1, 0,
  event = "cmdline_show",
  kind = { { 0, "Noi" } }
}
{
  event = "popupmenu_select",
  kind = 0
}
{ 3, ":", "", 0, 1, 0,
  event = "cmdline_show",
  kind = { { 0, "Noi" } }
}
{ 5, ":", "", 0, 1, 0,
  event = "cmdline_show",
  kind = { { 0, "Noice" } }
}
{
  event = "popupmenu_select",
  kind = 1
}
{ 8, ":", "", 0, 1, 0,
  event = "cmdline_show",
  kind = { { 0, "NoiceAll" } }
}
{
  event = "popupmenu_select",
  kind = 2
}
{ 11, ":", "", 0, 1, 0,
  event = "cmdline_show",
  kind = { { 0, "NoiceConfig" } }
}
{
  event = "popupmenu_select",
  kind = 3
}
{ 10, ":", "", 0, 1, 0,
  event = "cmdline_show",
  kind = { { 0, "NoiceDebug" } }
}
{
  event = "popupmenu_select",
  kind = 4
}
{ 12, ":", "", 0, 1, 0,
  event = "cmdline_show",
  kind = { { 0, "NoiceDisable" } }
}
{
  event = "popupmenu_select",
  kind = 5
}
{ 12, ":", "", 0, 1, 0,
  event = "cmdline_show",
  kind = { { 0, "NoiceDismiss" } }
}
{
  event = "popupmenu_select",
  kind = 6
}
{ 11, ":", "", 0, 1, 0,
  event = "cmdline_show",
  kind = { { 0, "NoiceEnable" } }
}
{
  event = "popupmenu_select",
  kind = 7
}
{ 11, ":", "", 0, 1, 0,
  event = "cmdline_show",
  kind = { { 0, "NoiceErrors" } }
}
{
  event = "popupmenu_select",
  kind = 8
}
{ 8, ":", "", 0, 1, 0,
  event = "cmdline_show",
  kind = { { 0, "NoiceFzf" } }
}
{
  event = "popupmenu_select",
  kind = 9
}
{ 12, ":", "", 0, 1, 0,
  event = "cmdline_show",
  kind = { { 0, "NoiceHistory" } }
}
{
  event = "popupmenu_select",
  kind = 10
}
{ 9, ":", "", 0, 1, 0,
  event = "cmdline_show",
  kind = { { 0, "NoiceLast" } }
}
{
  event = "popupmenu_select",
  kind = 11
}
{ 8, ":", "", 0, 1, 0,
  event = "cmdline_show",
  kind = { { 0, "NoiceLog" } }
}
{
  event = "popupmenu_hide"
}
{ false,
  event = "cmdline_hide",
  kind = 1
}
{
  event = "msg_showcmd",
  kind = {}
}
{
  event = "msg_showcmd",
  kind = { { 0, "<20>", 0 } }
}
{
  event = "msg_showcmd",
  kind = {}
}
{
  event = "msg_showcmd",
  kind = { { 0, "<20>", 0 } }
}
{
  event = "msg_showcmd",
  kind = { { 0, "<20>x", 0 } }
}
{
  event = "msg_showcmd",
  kind = {}
}
{
  event = "msg_showcmd",
  kind = { { 0, ":", 0 } }
}
{ 0, ":", "", 0, 1, 0,
  event = "cmdline_show",
  kind = { { 0, "" } }
}
{ 1, ":", "", 0, 1, 0,
  event = "cmdline_show",
  kind = { { 0, "N" } }
}
{ 2, ":", "", 0, 1, 0,
  event = "cmdline_show",
  kind = { { 0, "No" } }
}
{ 3, ":", "", 0, 1, 0,
  event = "cmdline_show",
  kind = { { 0, "Noi" } }
}
{ -1, 0, 0, -1,
  event = "popupmenu_show",
  kind = { { "Noice", "", "", "" }, { "NoiceAll", "", "", "" }, { "NoiceConfig", "", "", "" }, { "NoiceDebug", "", "", "" }, { "NoiceDisable", "", "", "" }, { "NoiceDismiss", "", "", "" }, { "NoiceEnable", "", "", "" }, { "NoiceErrors", "", "", "" }, { "NoiceFzf", "", "", "" }, { "NoiceHistory", "", "", "" }, { "NoiceLast", "", "", "" }, { "NoiceLog", "", "", "" }, { "NoicePick", "", "", "" }, { "NoiceRoutes", "", "", "" }, { "NoiceSnacks", "", "", "" }, { "NoiceStats", "", "", "" }, { "NoiceTelescope", "", "", "" }, { "NoiceViewstats", "", "", "" } }
}
{ 3, ":", "", 0, 1, 0,
  event = "cmdline_show",
  kind = { { 0, "Noi" } }
}
{
  event = "popupmenu_select",
  kind = 0
}
{ 3, ":", "", 0, 1, 0,
  event = "cmdline_show",
  kind = { { 0, "Noi" } }
}
{ 5, ":", "", 0, 1, 0,
  event = "cmdline_show",
  kind = { { 0, "Noice" } }
}
{
  event = "popupmenu_select",
  kind = 1
}
{ 8, ":", "", 0, 1, 0,
  event = "cmdline_show",
  kind = { { 0, "NoiceAll" } }
}
{
  event = "popupmenu_select",
  kind = 2
}
{ 11, ":", "", 0, 1, 0,
  event = "cmdline_show",
  kind = { { 0, "NoiceConfig" } }
}
{
  event = "popupmenu_select",
  kind = 3
}
{ 10, ":", "", 0, 1, 0,
  event = "cmdline_show",
  kind = { { 0, "NoiceDebug" } }
}
{
  event = "popupmenu_select",
  kind = 4
}
{ 12, ":", "", 0, 1, 0,
  event = "cmdline_show",
  kind = { { 0, "NoiceDisable" } }
}
{
  event = "popupmenu_select",
  kind = 5
}
{ 12, ":", "", 0, 1, 0,
  event = "cmdline_show",
  kind = { { 0, "NoiceDismiss" } }
}
{
  event = "popupmenu_select",
  kind = 6
}
{ 11, ":", "", 0, 1, 0,
  event = "cmdline_show",
  kind = { { 0, "NoiceEnable" } }
}
{
  event = "popupmenu_select",
  kind = 7
}
{ 11, ":", "", 0, 1, 0,
  event = "cmdline_show",
  kind = { { 0, "NoiceErrors" } }
}
{
  event = "popupmenu_select",
  kind = 8
}
{ 8, ":", "", 0, 1, 0,
  event = "cmdline_show",
  kind = { { 0, "NoiceFzf" } }
}
{
  event = "popupmenu_select",
  kind = 9
}
{ 12, ":", "", 0, 1, 0,
  event = "cmdline_show",
  kind = { { 0, "NoiceHistory" } }
}
{
  event = "popupmenu_select",
  kind = 10
}
{ 9, ":", "", 0, 1, 0,
  event = "cmdline_show",
  kind = { { 0, "NoiceLast" } }
}
{
  event = "popupmenu_select",
  kind = 11
}
{ 8, ":", "", 0, 1, 0,
  event = "cmdline_show",
  kind = { { 0, "NoiceLog" } }
}
{
  event = "popupmenu_select",
  kind = 12
}
{ 9, ":", "", 0, 1, 0,
  event = "cmdline_show",
  kind = { { 0, "NoicePick" } }
}
{
  event = "popupmenu_select",
  kind = 13
}
{ 11, ":", "", 0, 1, 0,
  event = "cmdline_show",
  kind = { { 0, "NoiceRoutes" } }
}
{
  event = "popupmenu_select",
  kind = 14
}
{ 11, ":", "", 0, 1, 0,
  event = "cmdline_show",
  kind = { { 0, "NoiceSnacks" } }
}
{
  event = "popupmenu_hide"
}
{ false,
  event = "cmdline_hide",
  kind = 1
}
{
  event = "msg_showcmd",
  kind = {}
}
{ { { 264, "Error executing Lua callback: ...e/nvim/lazy/noice.nvim/lua/noice/integrations/snacks.lua:56: attempt to index global 'Snacks' (a nil value)\nstack traceback:\n\t...e/nvim/lazy/noice.nvim/lua/noice/integrations/snacks.lua:56: in function 'open'\n\t....local/share/nvim/lazy/noice.nvim/lua/noice/commands.lua:65: in function <....local/share/nvim/lazy/noice.nvim/lua/noice/commands.lua:64>\n\t....local/share/nvim/lazy/noice.nvim/lua/noice/commands.lua:35: in function 'cmd'\n\t....local/share/nvim/lazy/noice.nvim/lua/noice/commands.lua:122: in function <....local/share/nvim/lazy/noice.nvim/lua/noice/commands.lua:121>", 6 } }, false, true,
  event = "msg_show",
  kind = "lua_error"
}
{
  event = "msg_showcmd",
  kind = { { 0, "^M", 0 } }
}
{
  event = "msg_showcmd",
  kind = {}
}
{
  event = "msg_showcmd",
  kind = { { 0, "j", 0 } }
}
{
  event = "msg_showcmd",
  kind = {}
}
{
  event = "msg_showcmd",
  kind = { { 0, "j", 0 } }
}
{
  event = "msg_showcmd",
  kind = {}
}
{
  event = "msg_showcmd",
  kind = { { 0, "j", 0 } }
}
{
  event = "msg_showcmd",
  kind = {}
}
{
  event = "msg_showcmd",
  kind = { { 0, "j", 0 } }
}
{
  event = "msg_showcmd",
  kind = {}
}
{
  event = "msg_showcmd",
  kind = { { 0, "k", 0 } }
}
{
  event = "msg_showcmd",
  kind = {}
}
{
  event = "msg_showcmd",
  kind = { { 0, "k", 0 } }
}
{
  event = "msg_showcmd",
  kind = {}
}
{
  event = "msg_showcmd",
  kind = { { 0, "k", 0 } }
}
{
  event = "msg_showcmd",
  kind = {}
}
{
  event = "msg_showcmd",
  kind = { { 0, "k", 0 } }
}
{
  event = "msg_showcmd",
  kind = {}
}
{
  event = "msg_showcmd",
  kind = { { 0, "k", 0 } }
}
{
  event = "msg_showcmd",
  kind = {}
}
{
  event = "msg_showcmd",
  kind = { { 0, ":", 0 } }
}
{
  event = "msg_clear"
}
{ 0, ":", "", 0, 1, 0,
  event = "cmdline_show",
  kind = { { 0, "" } }
}
{ 1, ":", "", 0, 1, 0,
  event = "cmdline_show",
  kind = { { 0, "N" } }
}
{ 2, ":", "", 0, 1, 0,
  event = "cmdline_show",
  kind = { { 0, "No" } }
}
{ 3, ":", "", 0, 1, 0,
  event = "cmdline_show",
  kind = { { 0, "Noi" } }
}
{ -1, 0, 0, -1,
  event = "popupmenu_show",
  kind = { { "Noice", "", "", "" }, { "NoiceAll", "", "", "" }, { "NoiceConfig", "", "", "" }, { "NoiceDebug", "", "", "" }, { "NoiceDisable", "", "", "" }, { "NoiceDismiss", "", "", "" }, { "NoiceEnable", "", "", "" }, { "NoiceErrors", "", "", "" }, { "NoiceFzf", "", "", "" }, { "NoiceHistory", "", "", "" }, { "NoiceLast", "", "", "" }, { "NoiceLog", "", "", "" }, { "NoicePick", "", "", "" }, { "NoiceRoutes", "", "", "" }, { "NoiceSnacks", "", "", "" }, { "NoiceStats", "", "", "" }, { "NoiceTelescope", "", "", "" }, { "NoiceViewstats", "", "", "" } }
}
{ 3, ":", "", 0, 1, 0,
  event = "cmdline_show",
  kind = { { 0, "Noi" } }
}
{
  event = "popupmenu_select",
  kind = 0
}
{ 3, ":", "", 0, 1, 0,
  event = "cmdline_show",
  kind = { { 0, "Noi" } }
}
{ 5, ":", "", 0, 1, 0,
  event = "cmdline_show",
  kind = { { 0, "Noice" } }
}
{
  event = "popupmenu_select",
  kind = 1
}
{ 8, ":", "", 0, 1, 0,
  event = "cmdline_show",
  kind = { { 0, "NoiceAll" } }
}
{
  event = "popupmenu_select",
  kind = 2
}
{ 11, ":", "", 0, 1, 0,
  event = "cmdline_show",
  kind = { { 0, "NoiceConfig" } }
}
{
  event = "popupmenu_select",
  kind = 3
}
{ 10, ":", "", 0, 1, 0,
  event = "cmdline_show",
  kind = { { 0, "NoiceDebug" } }
}
{
  event = "popupmenu_select",
  kind = 4
}
{ 12, ":", "", 0, 1, 0,
  event = "cmdline_show",
  kind = { { 0, "NoiceDisable" } }
}
{
  event = "popupmenu_select",
  kind = 5
}
{ 12, ":", "", 0, 1, 0,
  event = "cmdline_show",
  kind = { { 0, "NoiceDismiss" } }
}
{
  event = "popupmenu_select",
  kind = 6
}
{ 11, ":", "", 0, 1, 0,
  event = "cmdline_show",
  kind = { { 0, "NoiceEnable" } }
}
{
  event = "popupmenu_select",
  kind = 7
}
{ 11, ":", "", 0, 1, 0,
  event = "cmdline_show",
  kind = { { 0, "NoiceErrors" } }
}
{
  event = "popupmenu_select",
  kind = 8
}
{ 8, ":", "", 0, 1, 0,
  event = "cmdline_show",
  kind = { { 0, "NoiceFzf" } }
}
{
  event = "popupmenu_select",
  kind = 9
}
{ 12, ":", "", 0, 1, 0,
  event = "cmdline_show",
  kind = { { 0, "NoiceHistory" } }
}
{
  event = "popupmenu_select",
  kind = 10
}
{ 9, ":", "", 0, 1, 0,
  event = "cmdline_show",
  kind = { { 0, "NoiceLast" } }
}
{
  event = "popupmenu_select",
  kind = 11
}
{ 8, ":", "", 0, 1, 0,
  event = "cmdline_show",
  kind = { { 0, "NoiceLog" } }
}
{
  event = "popupmenu_select",
  kind = 12
}
{ 9, ":", "", 0, 1, 0,
  event = "cmdline_show",
  kind = { { 0, "NoicePick" } }
}
{
  event = "popupmenu_select",
  kind = 13
}
{ 11, ":", "", 0, 1, 0,
  event = "cmdline_show",
  kind = { { 0, "NoiceRoutes" } }
}
{
  event = "popupmenu_select",
  kind = 14
}
{ 11, ":", "", 0, 1, 0,
  event = "cmdline_show",
  kind = { { 0, "NoiceSnacks" } }
}
{
  event = "popupmenu_select",
  kind = 15
}
{ 10, ":", "", 0, 1, 0,
  event = "cmdline_show",
  kind = { { 0, "NoiceStats" } }
}
{
  event = "popupmenu_select",
  kind = 16
}
{ 14, ":", "", 0, 1, 0,
  event = "cmdline_show",
  kind = { { 0, "NoiceTelescope" } }
}
{
  event = "popupmenu_select",
  kind = 17
}
{ 14, ":", "", 0, 1, 0,
  event = "cmdline_show",
  kind = { { 0, "NoiceViewstats" } }
}
{
  event = "popupmenu_select",
  kind = -1
}
{ 3, ":", "", 0, 1, 0,
  event = "cmdline_show",
  kind = { { 0, "Noi" } }
}
{
  event = "popupmenu_select",
  kind = 0
}
{ 5, ":", "", 0, 1, 0,
  event = "cmdline_show",
  kind = { { 0, "Noice" } }
}
{
  event = "popupmenu_select",
  kind = 1
}
{ 8, ":", "", 0, 1, 0,
  event = "cmdline_show",
  kind = { { 0, "NoiceAll" } }
}
{
  event = "popupmenu_select",
  kind = 2
}
{ 11, ":", "", 0, 1, 0,
  event = "cmdline_show",
  kind = { { 0, "NoiceConfig" } }
}
{
  event = "popupmenu_select",
  kind = 3
}
{ 10, ":", "", 0, 1, 0,
  event = "cmdline_show",
  kind = { { 0, "NoiceDebug" } }
}
{
  event = "popupmenu_select",
  kind = 4
}
{ 12, ":", "", 0, 1, 0,
  event = "cmdline_show",
  kind = { { 0, "NoiceDisable" } }
}
{
  event = "popupmenu_select",
  kind = 5
}
{ 12, ":", "", 0, 1, 0,
  event = "cmdline_show",
  kind = { { 0, "NoiceDismiss" } }
}
{
  event = "popupmenu_select",
  kind = 6
}
{ 11, ":", "", 0, 1, 0,
  event = "cmdline_show",
  kind = { { 0, "NoiceEnable" } }
}
{
  event = "popupmenu_select",
  kind = 7
}
{ 11, ":", "", 0, 1, 0,
  event = "cmdline_show",
  kind = { { 0, "NoiceErrors" } }
}
{
  event = "popupmenu_select",
  kind = 8
}
{ 8, ":", "", 0, 1, 0,
  event = "cmdline_show",
  kind = { { 0, "NoiceFzf" } }
}
{
  event = "popupmenu_select",
  kind = 9
}
{ 12, ":", "", 0, 1, 0,
  event = "cmdline_show",
  kind = { { 0, "NoiceHistory" } }
}
{
  event = "popupmenu_select",
  kind = 10
}
{ 9, ":", "", 0, 1, 0,
  event = "cmdline_show",
  kind = { { 0, "NoiceLast" } }
}
{
  event = "popupmenu_select",
  kind = 11
}
{ 8, ":", "", 0, 1, 0,
  event = "cmdline_show",
  kind = { { 0, "NoiceLog" } }
}
{
  event = "popupmenu_select",
  kind = 12
}
{ 9, ":", "", 0, 1, 0,
  event = "cmdline_show",
  kind = { { 0, "NoicePick" } }
}
{
  event = "popupmenu_select",
  kind = 13
}
{ 11, ":", "", 0, 1, 0,
  event = "cmdline_show",
  kind = { { 0, "NoiceRoutes" } }
}
{
  event = "popupmenu_select",
  kind = 14
}
{ 11, ":", "", 0, 1, 0,
  event = "cmdline_show",
  kind = { { 0, "NoiceSnacks" } }
}
{
  event = "popupmenu_select",
  kind = 15
}
{ 10, ":", "", 0, 1, 0,
  event = "cmdline_show",
  kind = { { 0, "NoiceStats" } }
}
{
  event = "popupmenu_select",
  kind = 16
}
{ 14, ":", "", 0, 1, 0,
  event = "cmdline_show",
  kind = { { 0, "NoiceTelescope" } }
}
{
  event = "popupmenu_hide"
}
{ false,
  event = "cmdline_hide",
  kind = 1
}
{
  event = "msg_showcmd",
  kind = {}
}
{
  event = "msg_ruler",
  kind = { { 1, "1,0-1         All", 61 } }
}
{
  event = "msg_showcmd",
  kind = { { 0, "A", 0 } }
}
{
  event = "msg_showcmd",
  kind = {}
}
{
  event = "msg_showmode",
  kind = { { 311, "-- INSERT --", 11 } }
}
{
  event = "msg_ruler",
  kind = { { 1, "1,1           All", 61 } }
}
{
  event = "msg_showmode",
  kind = { { 311, "-- INSERT --", 11 } }
}
{
  event = "msg_ruler",
  kind = { { 1, "1,3           All", 61 } }
}
{
  event = "msg_showmode",
  kind = { { 311, "-- INSERT --", 11 } }
}
{
  event = "msg_ruler",
  kind = { { 1, "1,3           All", 61 } }
}
{
  event = "msg_showmode",
  kind = { { 311, "-- INSERT --", 11 } }
}
{
  event = "msg_ruler",
  kind = { { 1, "1,3           All", 61 } }
}
{
  event = "msg_showmode",
  kind = { { 311, "-- INSERT --", 11 } }
}
{
  event = "msg_ruler",
  kind = { { 1, "1,4           All", 61 } }
}
{
  event = "msg_showmode",
  kind = { { 311, "-- INSERT --", 11 } }
}
{
  event = "msg_ruler",
  kind = { { 1, "1,4           All", 61 } }
}
{
  event = "msg_showmode",
  kind = { { 311, "-- INSERT --", 11 } }
}
{
  event = "msg_ruler",
  kind = { { 1, "1,5           All", 61 } }
}
{
  event = "msg_showmode",
  kind = { { 311, "-- INSERT --", 11 } }
}
{
  event = "msg_ruler",
  kind = { { 1, "1,5           All", 61 } }
}
{
  event = "msg_showmode",
  kind = { { 311, "-- INSERT --", 11 } }
}
{
  event = "msg_ruler",
  kind = { { 1, "1,6           All", 61 } }
}
{
  event = "msg_showmode",
  kind = { { 311, "-- INSERT --", 11 } }
}
{
  event = "msg_ruler",
  kind = { { 1, "1,6           All", 61 } }
}
{
  event = "msg_showmode",
  kind = { { 311, "-- INSERT --", 11 } }
}
{
  event = "msg_ruler",
  kind = { { 1, "1,7           All", 61 } }
}
{
  event = "msg_showmode",
  kind = { { 311, "-- INSERT --", 11 } }
}
{
  event = "msg_ruler",
  kind = { { 1, "1,7           All", 61 } }
}
{
  event = "msg_showmode",
  kind = { { 311, "-- INSERT --", 11 } }
}
{
  event = "msg_ruler",
  kind = { { 1, "1,6           All", 61 } }
}
{
  event = "msg_showmode",
  kind = { { 311, "-- INSERT --", 11 } }
}
{
  event = "msg_ruler",
  kind = { { 1, "1,6           All", 61 } }
}
{
  event = "msg_showmode",
  kind = { { 311, "-- INSERT --", 11 } }
}
{
  event = "msg_ruler",
  kind = { { 1, "1,5           All", 61 } }
}
{
  event = "msg_showmode",
  kind = { { 311, "-- INSERT --", 11 } }
}
{
  event = "msg_ruler",
  kind = { { 1, "1,5           All", 61 } }
}
{
  event = "msg_showmode",
  kind = { { 311, "-- INSERT --", 11 } }
}
{
  event = "msg_ruler",
  kind = { { 1, "1,4           All", 61 } }
}
{
  event = "msg_showmode",
  kind = { { 311, "-- INSERT --", 11 } }
}
{
  event = "msg_ruler",
  kind = { { 1, "1,4           All", 61 } }
}
{
  event = "msg_showmode",
  kind = { { 311, "-- INSERT --", 11 } }
}
{
  event = "msg_ruler",
  kind = { { 1, "1,3           All", 61 } }
}
{
  event = "msg_showmode",
  kind = { { 311, "-- INSERT --", 11 } }
}
{
  event = "msg_ruler",
  kind = { { 1, "1,3           All", 61 } }
}
{
  event = "msg_showmode",
  kind = { { 311, "-- INSERT --", 11 } }
}
{
  event = "msg_ruler",
  kind = { { 1, "1,4           All", 61 } }
}
{
  event = "msg_showmode",
  kind = { { 311, "-- INSERT --", 11 } }
}
{
  event = "msg_ruler",
  kind = { { 1, "1,4           All", 61 } }
}
{
  event = "msg_showmode",
  kind = { { 311, "-- INSERT --", 11 } }
}
{
  event = "msg_ruler",
  kind = { { 1, "1,5           All", 61 } }
}
{
  event = "msg_showmode",
  kind = { { 311, "-- INSERT --", 11 } }
}
{
  event = "msg_ruler",
  kind = { { 1, "1,5           All", 61 } }
}
{
  event = "msg_showmode",
  kind = { { 311, "-- INSERT --", 11 } }
}
{
  event = "msg_ruler",
  kind = { { 1, "1,6           All", 61 } }
}
{
  event = "msg_showmode",
  kind = { { 311, "-- INSERT --", 11 } }
}
{
  event = "msg_ruler",
  kind = { { 1, "1,6           All", 61 } }
}
{
  event = "msg_showmode",
  kind = { { 311, "-- INSERT --", 11 } }
}
{
  event = "msg_ruler",
  kind = { { 1, "1,7           All", 61 } }
}
{
  event = "msg_showmode",
  kind = { { 311, "-- INSERT --", 11 } }
}
{
  event = "msg_ruler",
  kind = { { 1, "1,7           All", 61 } }
}
{
  event = "msg_showmode",
  kind = {}
}
{
  event = "msg_ruler",
  kind = { { 1, "1,6           All", 61 } }
}
{
  event = "msg_ruler",
  kind = {}
}
{
  event = "msg_showcmd",
  kind = { { 0, "/", 0 } }
}
{ 0, "/", "", 0, 1, 0,
  event = "cmdline_show",
  kind = { { 0, "" } }
}
{ 1, "/", "", 0, 1, 0,
  event = "cmdline_show",
  kind = { { 0, "t" } }
}
{ 1, "/", "", 0, 1, 0,
  event = "cmdline_show",
  kind = { { 0, "t" } }
}
{ 2, "/", "", 0, 1, 0,
  event = "cmdline_show",
  kind = { { 0, "te" } }
}
{ 2, "/", "", 0, 1, 0,
  event = "cmdline_show",
  kind = { { 0, "te" } }
}
{ 3, "/", "", 0, 1, 0,
  event = "cmdline_show",
  kind = { { 0, "tel" } }
}
{ 3, "/", "", 0, 1, 0,
  event = "cmdline_show",
  kind = { { 0, "tel" } }
}
{ 4, "/", "", 0, 1, 0,
  event = "cmdline_show",
  kind = { { 0, "tele" } }
}
{ 4, "/", "", 0, 1, 0,
  event = "cmdline_show",
  kind = { { 0, "tele" } }
}
{ false,
  event = "cmdline_hide",
  kind = 1
}
{ { { 0, "/tele             ", 0 } }, false, false,
  event = "msg_show",
  kind = "search_cmd"
}
{ { { 0, "/tele      W [1/9]", 0 } }, true, false,
  event = "msg_show",
  kind = "search_count"
}
{
  event = "msg_showcmd",
  kind = {}
}
{
  event = "msg_showcmd",
  kind = { { 0, "j", 0 } }
}
{
  event = "msg_showcmd",
  kind = {}
}
{
  event = "msg_showcmd",
  kind = { { 0, "j", 0 } }
}
{
  event = "msg_showcmd",
  kind = {}
}
{
  event = "msg_showcmd",
  kind = { { 0, "j", 0 } }
}
{
  event = "msg_showcmd",
  kind = {}
}
{
  event = "msg_showcmd",
  kind = { { 0, "j", 0 } }
}
{
  event = "msg_showcmd",
  kind = {}
}
{
  event = "msg_showcmd",
  kind = { { 0, "j", 0 } }
}
{
  event = "msg_showcmd",
  kind = {}
}
{
  event = "msg_showcmd",
  kind = { { 0, "V", 0 } }
}
{
  event = "msg_showcmd",
  kind = { { 0, "1", 0 } }
}
{
  event = "msg_showmode",
  kind = { { 311, "-- VISUAL LINE --", 11 } }
}
{
  event = "msg_showcmd",
  kind = { { 0, "1", 0 } }
}
{
  event = "msg_showcmd",
  kind = { { 0, "Y", 0 } }
}
{
  event = "msg_showcmd",
  kind = {}
}
{
  event = "msg_clear"
}
{
  event = "msg_showmode",
  kind = {}
}
{ { { 0, "/tele      W [1/9]", 0 } }, false, false,
  event = "msg_show",
  kind = ""
}
{
  event = "msg_showcmd",
  kind = { { 0, "p", 0 } }
}
{
  event = "msg_showcmd",
  kind = {}
}
{
  event = "msg_showcmd",
  kind = { { 0, "f", 0 } }
}
{
  event = "msg_showcmd",
  kind = { { 0, "fs", 0 } }
}
{
  event = "msg_showcmd",
  kind = {}
}
{
  event = "msg_showcmd",
  kind = { { 0, ";", 0 } }
}
{
  event = "msg_showcmd",
  kind = {}
}
{
  event = "msg_showcmd",
  kind = { { 0, ";", 0 } }
}
{
  event = "msg_showcmd",
  kind = {}
}
{
  event = "msg_showcmd",
  kind = { { 0, "c", 0 } }
}
{
  event = "msg_showcmd",
  kind = { { 0, "ci", 0 } }
}
{
  event = "msg_showcmd",
  kind = { { 0, "ciw", 0 } }
}
{
  event = "msg_showcmd",
  kind = {}
}
{
  event = "msg_showmode",
  kind = { { 311, "-- INSERT --", 11 } }
}
{
  event = "msg_showmode",
  kind = {}
}
{
  event = "msg_showcmd",
  kind = { { 0, "i", 0 } }
}
{
  event = "msg_showcmd",
  kind = {}
}
{
  event = "msg_showmode",
  kind = { { 311, "-- INSERT --", 11 } }
}
{
  event = "msg_showmode",
  kind = {}
}
{
  event = "msg_showcmd",
  kind = { { 0, "v", 0 } }
}
{
  event = "msg_showcmd",
  kind = { { 0, "1", 0 } }
}
{
  event = "msg_showmode",
  kind = { { 311, "-- VISUAL --", 11 } }
}
{
  event = "msg_showcmd",
  kind = { { 0, "1", 0 } }
}
{
  event = "msg_showcmd",
  kind = { { 0, "i", 0 } }
}
{
  event = "msg_showcmd",
  kind = { { 0, 'i"', 0 } }
}
{
  event = "msg_showcmd",
  kind = { { 0, "13", 0 } }
}
{
  event = "msg_showcmd",
  kind = { { 0, "s", 0 } }
}
{
  event = "msg_showcmd",
  kind = {}
}
{
  event = "msg_clear"
}
{
  event = "msg_showmode",
  kind = { { 311, "-- INSERT --", 11 } }
}
{
  event = "msg_showmode",
  kind = {}
}
{
  event = "msg_showcmd",
  kind = { { 0, ":", 0 } }
}
{ 0, ":", "", 0, 1, 0,
  event = "cmdline_show",
  kind = { { 0, "" } }
}
{ 1, ":", "", 0, 1, 0,
  event = "cmdline_show",
  kind = { { 0, "w" } }
}
{ 2, ":", "", 0, 1, 0,
  event = "cmdline_show",
  kind = { { 0, "wq" } }
}
{ false,
  event = "cmdline_hide",
  kind = 1
}
{ { { 0, '"~/.config/nvim/lua/core/keymaps.lua" ', 0 } }, false, false,
  event = "msg_show",
  kind = "bufwrite"
}
{ { { 0, '"~/.config/nvim/lua/core/keymaps.lua" 68L, 3634B written', 0 } }, true, true,
  event = "msg_show",
  kind = "bufwrite"
}
